<?xml version="1.0" encoding="UTF-8"?>
<coverage generated="1664222770">
    <project timestamp="1664222770">
        <file name="Test/src/FizzBuzz.php">
            <class name="Service\Test\FizzBuzz" namespace="global">
                <metrics complexity="2" methods="2" coveredmethods="1" conditionals="0" coveredconditionals="0" statements="2" coveredstatements="1" elements="4"
                         coveredelements="2"/>
            </class>
            <line num="8" type="method" name="hello" visibility="public" complexity="1" crap="1" count="1"/>
            <line num="9" type="stmt" count="1"/>
            <line num="12" type="method" name="secretMethod" visibility="private" complexity="1" crap="2" count="0"/>
            <line num="13" type="stmt" count="0"/>
            <metrics loc="16" ncloc="16" classes="1" methods="2" coveredmethods="1" conditionals="0" coveredconditionals="0" statements="2" coveredstatements="1" elements="4"
                     coveredelements="2"/>
        </file>
        <file name="Test/src/Foobar.php">
            <class name="Service\Debug\Foobar" namespace="global">
                <metrics complexity="0" methods="0" coveredmethods="0" conditionals="0" coveredconditionals="0" statements="0" coveredstatements="0" elements="0"
                         coveredelements="0"/>
            </class>
            <metrics loc="7" ncloc="7" classes="0" methods="0" coveredmethods="0" conditionals="0" coveredconditionals="0" statements="0" coveredstatements="0" elements="0"
                     coveredelements="0"/>
        </file>
        <metrics files="2" loc="23" ncloc="23" classes="1" methods="2" coveredmethods="1" conditionals="0" coveredconditionals="0" statements="2" coveredstatements="1" elements="4"
                 coveredelements="2"/>
    </project>
</coverage>
